[08:53:44] [main/INFO] (FabricLoader/GameProvider) Loading Minecraft 1.20.4 with Fabric Loader 0.15.5
[08:53:45] [main/INFO] (FabricLoader) Loading 61 mods:
	- fabric-api 0.94.0+1.20.4
	- fabric-api-base 0.4.36+78d798af4f
	- fabric-api-lookup-api-v1 1.6.47+82b1bb3e4f
	- fabric-biome-api-v1 13.0.16+78d798af4f
	- fabric-block-api-v1 1.0.15+78d798af4f
	- fabric-block-view-api-v2 1.0.4+78d798af4f
	- fabric-blockrenderlayer-v1 1.1.46+78d798af4f
	- fabric-client-tags-api-v1 1.1.7+78d798af4f
	- fabric-command-api-v1 1.2.41+f71b366f4f
	- fabric-command-api-v2 2.2.20+78d798af4f
	- fabric-commands-v0 0.2.58+df3654b34f
	- fabric-containers-v0 0.1.84+df3654b34f
	- fabric-content-registries-v0 5.0.10+78d798af4f
	- fabric-convention-tags-v1 1.5.10+78d798af4f
	- fabric-crash-report-info-v1 0.2.23+78d798af4f
	- fabric-data-generation-api-v1 13.1.20+78d798af4f
	- fabric-dimensions-v1 2.1.61+78d798af4f
	- fabric-entity-events-v1 1.6.0+44c0f8c64f
	- fabric-events-interaction-v0 0.7.1+389931eb4f
	- fabric-events-lifecycle-v0 0.2.72+df3654b34f
	- fabric-game-rule-api-v1 1.0.46+78d798af4f
	- fabric-gametest-api-v1 1.3.1+85d85a934f
	- fabric-item-api-v1 2.2.0+d6f2b0844f
	- fabric-item-group-api-v1 4.0.21+78d798af4f
	- fabric-key-binding-api-v1 1.0.41+78d798af4f
	- fabric-keybindings-v0 0.2.39+df3654b34f
	- fabric-lifecycle-events-v1 2.2.30+78d798af4f
	- fabric-loot-api-v2 2.1.5+78d798af4f
	- fabric-message-api-v1 6.0.5+78d798af4f
	- fabric-mining-level-api-v1 2.1.60+78d798af4f
	- fabric-model-loading-api-v1 1.0.8+78d798af4f
	- fabric-models-v0 0.4.7+9386d8a74f
	- fabric-networking-api-v1 3.1.5+b7e146354f
	- fabric-object-builder-api-v1 13.0.9+06274a474f
	- fabric-particles-v1 1.1.7+78d798af4f
	- fabric-recipe-api-v1 2.0.18+78d798af4f
	- fabric-registry-sync-v0 4.0.16+78d798af4f
	- fabric-renderer-api-v1 3.2.4+78d798af4f
	- fabric-renderer-indigo 1.5.4+78d798af4f
	- fabric-renderer-registries-v1 3.2.51+df3654b34f
	- fabric-rendering-data-attachment-v1 0.3.42+73761d2e4f
	- fabric-rendering-fluids-v1 3.0.33+78d798af4f
	- fabric-rendering-v0 1.1.54+df3654b34f
	- fabric-rendering-v1 3.0.13+78d798af4f
	- fabric-resource-conditions-api-v1 2.3.14+78d798af4f
	- fabric-resource-loader-v0 0.11.16+78d798af4f
	- fabric-screen-api-v1 2.0.17+78d798af4f
	- fabric-screen-handler-api-v1 1.3.53+78d798af4f
	- fabric-sound-api-v1 1.0.17+78d798af4f
	- fabric-transfer-api-v1 4.0.8+e84342304f
	- fabric-transitive-access-wideners-v1 5.0.14+78d798af4f
	- fabricloader 0.15.5
	- iris 1.6.14
	   |-- io_github_douira_glsl-transformer 2.0.0-pre13
	   |-- org_anarres_jcpp 1.4.14
	   \-- org_antlr_antlr4-runtime 4.11.1
	- java 17
	- minecraft 1.20.4
	- mixinextras 0.3.2
	- netheritehorsearmor 1.0.0
	- sodium 0.5.5
[08:53:49] [main/WARN] (FabricLoader/ModRemap) Error deleting temporary input jar true
java.nio.file.FileSystemException: C:\Users\HTRMC\Documents\Github\NetheriteHorseArmor\run\.fabric\tmp\org_antlr_antlr4-runtime4259916406503920022.jar: The process cannot access the file because it is being used by another process
	at sun.nio.fs.WindowsException.translateToIOException(WindowsException.java:92) ~[?:?]
	at sun.nio.fs.WindowsException.rethrowAsIOException(WindowsException.java:103) ~[?:?]
	at sun.nio.fs.WindowsException.rethrowAsIOException(WindowsException.java:108) ~[?:?]
	at sun.nio.fs.WindowsFileSystemProvider.implDelete(WindowsFileSystemProvider.java:275) ~[?:?]
	at sun.nio.fs.AbstractFileSystemProvider.deleteIfExists(AbstractFileSystemProvider.java:110) ~[?:?]
	at java.nio.file.Files.deleteIfExists(Files.java:1191) ~[?:?]
	at net.fabricmc.loader.impl.discovery.RuntimeModRemapper.remap(RuntimeModRemapper.java:194) ~[fabric-loader-0.15.5.jar:?]
	at net.fabricmc.loader.impl.FabricLoaderImpl.setup(FabricLoaderImpl.java:242) ~[fabric-loader-0.15.5.jar:?]
	at net.fabricmc.loader.impl.FabricLoaderImpl.load(FabricLoaderImpl.java:192) ~[fabric-loader-0.15.5.jar:?]
	at net.fabricmc.loader.impl.launch.knot.Knot.init(Knot.java:146) ~[fabric-loader-0.15.5.jar:?]
	at net.fabricmc.loader.impl.launch.knot.Knot.launch(Knot.java:68) ~[fabric-loader-0.15.5.jar:?]
	at net.fabricmc.loader.impl.launch.knot.KnotClient.main(KnotClient.java:23) ~[fabric-loader-0.15.5.jar:?]
	at net.fabricmc.devlaunchinjector.Main.main(Main.java:86) ~[?:?]
[08:53:49] [main/WARN] (FabricLoader/ModRemap) Error deleting temporary input jar true
java.nio.file.FileSystemException: C:\Users\HTRMC\Documents\Github\NetheriteHorseArmor\run\.fabric\tmp\io_github_douira_glsl-transformer7216860045945190269.jar: The process cannot access the file because it is being used by another process
	at sun.nio.fs.WindowsException.translateToIOException(WindowsException.java:92) ~[?:?]
	at sun.nio.fs.WindowsException.rethrowAsIOException(WindowsException.java:103) ~[?:?]
	at sun.nio.fs.WindowsException.rethrowAsIOException(WindowsException.java:108) ~[?:?]
	at sun.nio.fs.WindowsFileSystemProvider.implDelete(WindowsFileSystemProvider.java:275) ~[?:?]
	at sun.nio.fs.AbstractFileSystemProvider.deleteIfExists(AbstractFileSystemProvider.java:110) ~[?:?]
	at java.nio.file.Files.deleteIfExists(Files.java:1191) ~[?:?]
	at net.fabricmc.loader.impl.discovery.RuntimeModRemapper.remap(RuntimeModRemapper.java:194) ~[fabric-loader-0.15.5.jar:?]
	at net.fabricmc.loader.impl.FabricLoaderImpl.setup(FabricLoaderImpl.java:242) ~[fabric-loader-0.15.5.jar:?]
	at net.fabricmc.loader.impl.FabricLoaderImpl.load(FabricLoaderImpl.java:192) ~[fabric-loader-0.15.5.jar:?]
	at net.fabricmc.loader.impl.launch.knot.Knot.init(Knot.java:146) ~[fabric-loader-0.15.5.jar:?]
	at net.fabricmc.loader.impl.launch.knot.Knot.launch(Knot.java:68) ~[fabric-loader-0.15.5.jar:?]
	at net.fabricmc.loader.impl.launch.knot.KnotClient.main(KnotClient.java:23) ~[fabric-loader-0.15.5.jar:?]
	at net.fabricmc.devlaunchinjector.Main.main(Main.java:86) ~[?:?]
[08:53:49] [main/WARN] (FabricLoader/ModRemap) Error deleting temporary input jar true
java.nio.file.FileSystemException: C:\Users\HTRMC\Documents\Github\NetheriteHorseArmor\run\.fabric\tmp\org_anarres_jcpp16082168707991726638.jar: The process cannot access the file because it is being used by another process
	at sun.nio.fs.WindowsException.translateToIOException(WindowsException.java:92) ~[?:?]
	at sun.nio.fs.WindowsException.rethrowAsIOException(WindowsException.java:103) ~[?:?]
	at sun.nio.fs.WindowsException.rethrowAsIOException(WindowsException.java:108) ~[?:?]
	at sun.nio.fs.WindowsFileSystemProvider.implDelete(WindowsFileSystemProvider.java:275) ~[?:?]
	at sun.nio.fs.AbstractFileSystemProvider.deleteIfExists(AbstractFileSystemProvider.java:110) ~[?:?]
	at java.nio.file.Files.deleteIfExists(Files.java:1191) ~[?:?]
	at net.fabricmc.loader.impl.discovery.RuntimeModRemapper.remap(RuntimeModRemapper.java:194) ~[fabric-loader-0.15.5.jar:?]
	at net.fabricmc.loader.impl.FabricLoaderImpl.setup(FabricLoaderImpl.java:242) ~[fabric-loader-0.15.5.jar:?]
	at net.fabricmc.loader.impl.FabricLoaderImpl.load(FabricLoaderImpl.java:192) ~[fabric-loader-0.15.5.jar:?]
	at net.fabricmc.loader.impl.launch.knot.Knot.init(Knot.java:146) ~[fabric-loader-0.15.5.jar:?]
	at net.fabricmc.loader.impl.launch.knot.Knot.launch(Knot.java:68) ~[fabric-loader-0.15.5.jar:?]
	at net.fabricmc.loader.impl.launch.knot.KnotClient.main(KnotClient.java:23) ~[fabric-loader-0.15.5.jar:?]
	at net.fabricmc.devlaunchinjector.Main.main(Main.java:86) ~[?:?]
[08:53:49] [main/INFO] (FabricLoader/Mixin) SpongePowered MIXIN Subsystem Version=0.8.5 Source=file:/C:/Users/HTRMC/.gradle/caches/modules-2/files-2.1/net.fabricmc/sponge-mixin/0.12.5+mixin.0.8.5/8d31fb97c3e0cd7c8dad3441851c523bcfae6d8e/sponge-mixin-0.12.5+mixin.0.8.5.jar Service=Knot/Fabric Env=CLIENT
[08:53:49] [main/INFO] (FabricLoader/Mixin) Loaded Fabric development mappings for mixin remapper!
[08:53:49] [main/INFO] (FabricLoader/Mixin) Compatibility level set to JAVA_17
[08:53:50] [main/INFO] (Sodium) Loaded configuration file for Sodium: 42 options available, 3 override(s) found
[08:53:50] [main/WARN] (Sodium) Force-disabling mixin 'features.render.entity.CuboidMixin' as rule 'mixin.features.render.entity' (added by mods [iris]) disables it and children
[08:53:50] [main/WARN] (Sodium) Force-disabling mixin 'features.render.entity.ModelPartMixin' as rule 'mixin.features.render.entity' (added by mods [iris]) disables it and children
[08:53:50] [main/WARN] (Sodium) Force-disabling mixin 'features.render.entity.cull.EntityRendererMixin' as rule 'mixin.features.render.entity' (added by mods [iris]) disables it and children
[08:53:50] [main/WARN] (Sodium) Force-disabling mixin 'features.render.entity.shadows.EntityRenderDispatcherMixin' as rule 'mixin.features.render.entity' (added by mods [iris]) disables it and children
[08:53:50] [main/WARN] (Sodium) Force-disabling mixin 'features.render.gui.font.GlyphRendererMixin' as rule 'mixin.features.render.gui.font' (added by mods [iris]) disables it and children
[08:53:50] [main/WARN] (Sodium) Force-disabling mixin 'features.render.world.sky.BackgroundRendererMixin' as rule 'mixin.features.render.world.sky' (added by mods [iris]) disables it and children
[08:53:50] [main/WARN] (Sodium) Force-disabling mixin 'features.render.world.sky.ClientWorldMixin' as rule 'mixin.features.render.world.sky' (added by mods [iris]) disables it and children
[08:53:50] [main/WARN] (Sodium) Force-disabling mixin 'features.render.world.sky.WorldRendererMixin' as rule 'mixin.features.render.world.sky' (added by mods [iris]) disables it and children
[08:53:50] [main/INFO] (Sodium-GraphicsAdapterProbe) Searching for graphics cards...
[08:53:51] [main/INFO] (Sodium-GraphicsAdapterProbe) Found graphics card: GraphicsAdapterInfo[vendor=INTEL, name=Intel(R) Iris(R) Xe Graphics, version=DriverVersion=31.0.101.4953]
[08:53:51] [main/INFO] (FabricLoader/MixinExtras|Service) Initializing MixinExtras via com.llamalad7.mixinextras.service.MixinExtrasServiceImpl(version=0.3.2).
[08:53:56] [Datafixer Bootstrap/INFO] (Minecraft) 198 Datafixer optimizations took 134 milliseconds
[08:53:59] [Render thread/INFO] (Minecraft) Environment: Environment[sessionHost=https://sessionserver.mojang.com, servicesHost=https://api.minecraftservices.com, name=PROD]
[08:53:59] [Render thread/INFO] (Minecraft) Setting user: Player695
[08:53:59] [Render thread/INFO] (fabric-networking-api-v1) Force Packet Serialization is enabled to mimic remote connection on single player, this is the default behaviour on dev env. Add -Dfabric-api.networking.force-packet-serialization=false JVM arg to disable it.
[08:54:00] [Download-2/ERROR] (Minecraft) Failed to fetch user properties
com.mojang.authlib.exceptions.InvalidCredentialsException: Status: 401
	at com.mojang.authlib.exceptions.MinecraftClientHttpException.toAuthenticationException(MinecraftClientHttpException.java:59) ~[authlib-6.0.52.jar:?]
	at com.mojang.authlib.yggdrasil.YggdrasilUserApiService.fetchProperties(YggdrasilUserApiService.java:150) ~[authlib-6.0.52.jar:?]
	at net.minecraft.client.MinecraftClient.method_55608(MinecraftClient.java:467) ~[minecraft-merged-1f338b2c9f-1.20.4-net.fabricmc.yarn.1_20_4.1.20.4+build.3-v2.jar:?]
	at java.util.concurrent.CompletableFuture$AsyncSupply.run(CompletableFuture.java:1768) ~[?:?]
	at java.util.concurrent.ThreadPoolExecutor.runWorker(ThreadPoolExecutor.java:1136) ~[?:?]
	at java.util.concurrent.ThreadPoolExecutor$Worker.run(ThreadPoolExecutor.java:635) ~[?:?]
	at java.lang.Thread.run(Thread.java:842) ~[?:?]
Caused by: com.mojang.authlib.exceptions.MinecraftClientHttpException: Status: 401
	at com.mojang.authlib.minecraft.client.MinecraftClient.readInputStream(MinecraftClient.java:100) ~[authlib-6.0.52.jar:?]
	at com.mojang.authlib.minecraft.client.MinecraftClient.get(MinecraftClient.java:57) ~[authlib-6.0.52.jar:?]
	at com.mojang.authlib.yggdrasil.YggdrasilUserApiService.fetchProperties(YggdrasilUserApiService.java:121) ~[authlib-6.0.52.jar:?]
	... 5 more
[08:54:00] [Render thread/INFO] (Indigo) [Indigo] Different rendering plugin detected; not applying Indigo.
[08:54:00] [Render thread/INFO] (Minecraft) Backend library: LWJGL version 3.3.2-snapshot
[08:54:01] [Render thread/INFO] (Sodium-PostlaunchChecks) OpenGL Vendor: Intel
[08:54:01] [Render thread/INFO] (Sodium-PostlaunchChecks) OpenGL Renderer: Intel(R) Iris(R) Xe Graphics
[08:54:01] [Render thread/INFO] (Sodium-PostlaunchChecks) OpenGL Version: 3.2.0 - Build 31.0.101.4953
[08:54:01] [ForkJoinPool.commonPool-worker-1/WARN] (Iris) [Iris Update Check] This version doesn't have an update index, skipping.
[08:54:01] [Render thread/INFO] (Iris) Debug functionality is disabled.
[08:54:01] [Render thread/INFO] (Iris) ARB_direct_state_access detected, enabling DSA.
[08:54:01] [Render thread/INFO] (Iris) Shaders are disabled because enableShaders is set to false in iris.properties
[08:54:01] [Render thread/INFO] (Iris) Shaders are disabled
[08:54:02] [Render thread/INFO] (Iris) Hardware information:
[08:54:02] [Render thread/INFO] (Iris) CPU: 8x 11th Gen Intel(R) Core(TM) i5-1135G7 @ 2.40GHz
[08:54:02] [Render thread/INFO] (Iris) GPU: Intel(R) Iris(R) Xe Graphics (Supports OpenGL 3.2.0 - Build 31.0.101.4953)
[08:54:02] [Render thread/INFO] (Iris) OS: Windows 11 (10.0)
[08:54:03] [Render thread/INFO] (Minecraft) Reloading ResourceManager: vanilla, fabric (fabric-api-lookup-api-v1, fabric-recipe-api-v1, fabric-crash-report-info-v1, fabric-events-lifecycle-v0, fabric-loot-api-v2, fabric-rendering-v1, fabricloader, fabric-content-registries-v0, fabric-events-interaction-v0, fabric-game-rule-api-v1, fabric-containers-v0, fabric-object-builder-api-v1, fabric-models-v0, fabric-lifecycle-events-v1, fabric-keybindings-v0, fabric-renderer-api-v1, fabric-block-api-v1, fabric-command-api-v2, fabric-particles-v1, fabric-sound-api-v1, fabric-convention-tags-v1, fabric-data-generation-api-v1, fabric-entity-events-v1, fabric-transitive-access-wideners-v1, fabric-screen-api-v1, fabric-resource-conditions-api-v1, fabric-rendering-fluids-v1, fabric-biome-api-v1, fabric-blockrenderlayer-v1, fabric-resource-loader-v0, sodium, fabric-command-api-v1, fabric-rendering-v0, fabric-item-group-api-v1, fabric-transfer-api-v1, fabric-key-binding-api-v1, fabric-api-base, iris, fabric-renderer-registries-v1, fabric-gametest-api-v1, fabric-screen-handler-api-v1, fabric-model-loading-api-v1, fabric-message-api-v1, fabric-networking-api-v1, fabric-block-view-api-v2, fabric-mining-level-api-v1, netheritehorsearmor, fabric-dimensions-v1, fabric-rendering-data-attachment-v1, fabric-renderer-indigo, fabric-api, fabric-client-tags-api-v1, fabric-item-api-v1, fabric-commands-v0, fabric-registry-sync-v0)
[08:54:03] [Worker-Main-7/INFO] (Minecraft) Found unifont_all_no_pua-15.1.04.hex, loading
[08:54:03] [Worker-Main-2/WARN] (Minecraft) File minecraft:sounds/mob/wolf/armor_equip1.ogg does not exist, cannot add it to event minecraft:entity.wolf.armor_equip
[08:54:03] [Worker-Main-2/WARN] (Minecraft) File minecraft:sounds/mob/wolf/armor_equip1.ogg does not exist, cannot add it to event minecraft:entity.wolf.armor_equip
[08:54:03] [Worker-Main-2/WARN] (Minecraft) File minecraft:sounds/mob/wolf/armor_equip2.ogg does not exist, cannot add it to event minecraft:entity.wolf.armor_equip
[08:54:03] [Worker-Main-2/WARN] (Minecraft) File minecraft:sounds/mob/wolf/armor_equip2.ogg does not exist, cannot add it to event minecraft:entity.wolf.armor_equip
[08:54:03] [Worker-Main-2/WARN] (Minecraft) File minecraft:sounds/mob/wolf/armor_unequip1.ogg does not exist, cannot add it to event minecraft:entity.wolf.armor_unequip
[08:54:03] [Worker-Main-2/WARN] (Minecraft) File minecraft:sounds/mob/wolf/armor_unequip2.ogg does not exist, cannot add it to event minecraft:entity.wolf.armor_unequip
[08:54:04] [Render thread/WARN] (Minecraft) Missing sound for event: minecraft:item.goat_horn.play
[08:54:04] [Render thread/WARN] (Minecraft) Missing sound for event: minecraft:entity.goat.screaming.horn_break
[08:54:04] [Render thread/INFO] (Minecraft) OpenAL initialized on device OpenAL Soft on Speakers (Realtek(R) Audio)
[08:54:04] [Render thread/INFO] (Minecraft) Sound engine started
[08:54:04] [Render thread/INFO] (Minecraft) Created: 1024x512x4 minecraft:textures/atlas/blocks.png-atlas
[08:54:05] [Render thread/INFO] (Minecraft) Created: 256x256x4 minecraft:textures/atlas/signs.png-atlas
[08:54:05] [Render thread/INFO] (Minecraft) Created: 512x512x4 minecraft:textures/atlas/shield_patterns.png-atlas
[08:54:05] [Render thread/INFO] (Minecraft) Created: 512x512x4 minecraft:textures/atlas/banner_patterns.png-atlas
[08:54:05] [Render thread/INFO] (Minecraft) Created: 1024x1024x4 minecraft:textures/atlas/armor_trims.png-atlas
[08:54:05] [Render thread/INFO] (Minecraft) Created: 128x64x4 minecraft:textures/atlas/decorated_pot.png-atlas
[08:54:05] [Render thread/INFO] (Minecraft) Created: 256x256x4 minecraft:textures/atlas/chest.png-atlas
[08:54:05] [Render thread/INFO] (Minecraft) Created: 512x256x4 minecraft:textures/atlas/shulker_boxes.png-atlas
[08:54:05] [Render thread/INFO] (Minecraft) Created: 512x256x4 minecraft:textures/atlas/beds.png-atlas
[08:54:05] [Render thread/WARN] (Minecraft) Shader rendertype_entity_translucent_emissive could not find sampler named Sampler2 in the specified shader program.
[08:54:05] [Render thread/INFO] (Minecraft) Created: 512x256x0 minecraft:textures/atlas/particles.png-atlas
[08:54:05] [Render thread/INFO] (Minecraft) Created: 256x256x0 minecraft:textures/atlas/paintings.png-atlas
[08:54:05] [Render thread/INFO] (Minecraft) Created: 128x128x0 minecraft:textures/atlas/mob_effects.png-atlas
[08:54:05] [Render thread/INFO] (Minecraft) Created: 1024x512x0 minecraft:textures/atlas/gui.png-atlas
[08:54:06] [Render thread/INFO] (Iris) Creating pipeline for dimension NamespacedId{namespace='minecraft', name='overworld'}
[08:54:06] [IO-Worker-1/INFO] (Minecraft) Could not authorize you against Realms server: Invalid session id
[08:54:06] [IO-Worker-1/ERROR] (Minecraft) Couldn't connect to realms
net.minecraft.client.realms.exception.RealmsServiceException: Realms authentication error with message 'Invalid session id'
	at net.minecraft.client.realms.RealmsClient.execute(RealmsClient.java:447) ~[minecraft-merged-1f338b2c9f-1.20.4-net.fabricmc.yarn.1_20_4.1.20.4+build.3-v2.jar:?]
	at net.minecraft.client.realms.RealmsClient.clientCompatible(RealmsClient.java:232) ~[minecraft-merged-1f338b2c9f-1.20.4-net.fabricmc.yarn.1_20_4.1.20.4+build.3-v2.jar:?]
	at net.minecraft.client.realms.RealmsAvailability.method_52627(RealmsAvailability.java:45) ~[minecraft-merged-1f338b2c9f-1.20.4-net.fabricmc.yarn.1_20_4.1.20.4+build.3-v2.jar:?]
	at java.util.concurrent.CompletableFuture$AsyncSupply.run(CompletableFuture.java:1768) ~[?:?]
	at java.util.concurrent.ThreadPoolExecutor.runWorker(ThreadPoolExecutor.java:1136) ~[?:?]
	at java.util.concurrent.ThreadPoolExecutor$Worker.run(ThreadPoolExecutor.java:635) ~[?:?]
	at java.lang.Thread.run(Thread.java:842) ~[?:?]
[08:54:40] [Render thread/INFO] (Minecraft) Stopping!
